<?xml version="1.0" encoding="UTF-8"?>
<testsuite xmlns:xsi="http://www.w3.org/2001/XMLSchema-instance" xsi:noNamespaceSchemaLocation="https://maven.apache.org/surefire/maven-surefire-plugin/xsd/surefire-test-report.xsd" version="3.0.2" name="TestSuite" time="24.492" tests="1" errors="0" skipped="0" failures="0">
  <properties>
[...]
</properties>
  <testcase name="e2eBookingTest" classname="org.example.E2EBookingApiTests" time="22.632">
    <system-out><![CDATA[HTTP/1.1 200 OK
Server: Cowboy
Report-To: {"group":"heroku-nel","max_age":3600,"endpoints":[{"url":"https://nel.heroku.com/reports?ts=1728150879&sid=c46efe9b-d3d2-4a0c-8c76-bfafa16c5add&s=wFA9P8iBSVtE5OYCgmpHjLpfmJ41pxGWTRGGBI7nAQ4%3D"}]}
Reporting-Endpoints: heroku-nel=https://nel.heroku.com/reports?ts=1728150879&sid=c46efe9b-d3d2-4a0c-8c76-bfafa16c5add&s=wFA9P8iBSVtE5OYCgmpHjLpfmJ41pxGWTRGGBI7nAQ4%3D
Nel: {"report_to":"heroku-nel","max_age":3600,"success_fraction":0.005,"failure_fraction":0.05,"response_headers":["Via"]}
Connection: keep-alive
X-Powered-By: Express
Content-Type: application/json; charset=utf-8
Content-Length: 204
Etag: W/"cc-NIpoXnKFwMqYxZ7E8oQ8IRgU3mk"
Date: Sat, 05 Oct 2024 17:54:39 GMT
Via: 1.1 vegur

{
    "bookingid": 1973,
    "booking": {
        "firstname": "Luciana",
        "lastname": "Collins",
        "totalprice": 119,
        "depositpaid": false,
        "bookingdates": {
            "checkin": "2018-01-01",
            "checkout": "2019-01-01"
        },
        "additionalneeds": "Breakfast"
    }
}
HTTP/1.1 200 OK
Server: Cowboy
Report-To: {"group":"heroku-nel","max_age":3600,"endpoints":[{"url":"https://nel.heroku.com/reports?ts=1728150879&sid=c46efe9b-d3d2-4a0c-8c76-bfafa16c5add&s=wFA9P8iBSVtE5OYCgmpHjLpfmJ41pxGWTRGGBI7nAQ4%3D"}]}
Reporting-Endpoints: heroku-nel=https://nel.heroku.com/reports?ts=1728150879&sid=c46efe9b-d3d2-4a0c-8c76-bfafa16c5add&s=wFA9P8iBSVtE5OYCgmpHjLpfmJ41pxGWTRGGBI7nAQ4%3D
Nel: {"report_to":"heroku-nel","max_age":3600,"success_fraction":0.005,"failure_fraction":0.05,"response_headers":["Via"]}
Connection: keep-alive
X-Powered-By: Express
Content-Type: application/json; charset=utf-8
Content-Length: 204
Etag: W/"cc-NIpoXnKFwMqYxZ7E8oQ8IRgU3mk"
Date: Sat, 05 Oct 2024 17:54:39 GMT
Via: 1.1 vegur

{
    "bookingid": 1973,
    "booking": {
        "firstname": "Luciana",
        "lastname": "Collins",
        "totalprice": 119,
        "depositpaid": false,
        "bookingdates": {
            "checkin": "2018-01-01",
            "checkout": "2019-01-01"
        },
        "additionalneeds": "Breakfast"
    }
}
HTTP/1.1 200 OK
Server: Cowboy
Report-To: {"group":"heroku-nel","max_age":3600,"endpoints":[{"url":"https://nel.heroku.com/reports?ts=1728150882&sid=c46efe9b-d3d2-4a0c-8c76-bfafa16c5add&s=Afy%2FmmL439ndmJDrM69PLeLqkxNwKjHOpPFqtIp%2FENE%3D"}]}
Reporting-Endpoints: heroku-nel=https://nel.heroku.com/reports?ts=1728150882&sid=c46efe9b-d3d2-4a0c-8c76-bfafa16c5add&s=Afy%2FmmL439ndmJDrM69PLeLqkxNwKjHOpPFqtIp%2FENE%3D
Nel: {"report_to":"heroku-nel","max_age":3600,"success_fraction":0.005,"failure_fraction":0.05,"response_headers":["Via"]}
Connection: keep-alive
X-Powered-By: Express
Content-Type: application/json; charset=utf-8
Content-Length: 175
Etag: W/"af-qx5U5S8HXtfmUGK6PNkfgTI4fDg"
Date: Sat, 05 Oct 2024 17:54:42 GMT
Via: 1.1 vegur

{
    "firstname": "Luciana",
    "lastname": "Collins",
    "totalprice": 119,
    "depositpaid": false,
    "bookingdates": {
        "checkin": "2018-01-01",
        "checkout": "2019-01-01"
    },
    "additionalneeds": "Breakfast"
}
HTTP/1.1 200 OK
Server: Cowboy
Report-To: {"group":"heroku-nel","max_age":3600,"endpoints":[{"url":"https://nel.heroku.com/reports?ts=1728150882&sid=c46efe9b-d3d2-4a0c-8c76-bfafa16c5add&s=Afy%2FmmL439ndmJDrM69PLeLqkxNwKjHOpPFqtIp%2FENE%3D"}]}
Reporting-Endpoints: heroku-nel=https://nel.heroku.com/reports?ts=1728150882&sid=c46efe9b-d3d2-4a0c-8c76-bfafa16c5add&s=Afy%2FmmL439ndmJDrM69PLeLqkxNwKjHOpPFqtIp%2FENE%3D
Nel: {"report_to":"heroku-nel","max_age":3600,"success_fraction":0.005,"failure_fraction":0.05,"response_headers":["Via"]}
Connection: keep-alive
X-Powered-By: Express
Content-Type: application/json; charset=utf-8
Content-Length: 175
Etag: W/"af-qx5U5S8HXtfmUGK6PNkfgTI4fDg"
Date: Sat, 05 Oct 2024 17:54:42 GMT
Via: 1.1 vegur

{
    "firstname": "Luciana",
    "lastname": "Collins",
    "totalprice": 119,
    "depositpaid": false,
    "bookingdates": {
        "checkin": "2018-01-01",
        "checkout": "2019-01-01"
    },
    "additionalneeds": "Breakfast"
}
Body:
{
    "firstname": "Sammy",
    "additionalneeds": "Breakfast",
    "bookingdates": {
        "checkin": "2018-01-01",
        "checkout": "2019-01-01"
    },
    "totalprice": 458,
    "depositpaid": false,
    "lastname": "Thiel"
}
HTTP/1.1 200 OK
Server: Cowboy
Report-To: {"group":"heroku-nel","max_age":3600,"endpoints":[{"url":"https://nel.heroku.com/reports?ts=1728150883&sid=c46efe9b-d3d2-4a0c-8c76-bfafa16c5add&s=fSPQ50QIlTBFFL7mBiROBC1m0GMTJcRqgytAv7z47RQ%3D"}]}
Reporting-Endpoints: heroku-nel=https://nel.heroku.com/reports?ts=1728150883&sid=c46efe9b-d3d2-4a0c-8c76-bfafa16c5add&s=fSPQ50QIlTBFFL7mBiROBC1m0GMTJcRqgytAv7z47RQ%3D
Nel: {"report_to":"heroku-nel","max_age":3600,"success_fraction":0.005,"failure_fraction":0.05,"response_headers":["Via"]}
Connection: keep-alive
X-Powered-By: Express
Content-Type: application/json; charset=utf-8
Content-Length: 171
Etag: W/"ab-ADx4K4IU132N32zVFtnsvGX5r04"
Date: Sat, 05 Oct 2024 17:54:43 GMT
Via: 1.1 vegur

{
    "firstname": "Sammy",
    "lastname": "Thiel",
    "totalprice": 458,
    "depositpaid": false,
    "bookingdates": {
        "checkin": "2018-01-01",
        "checkout": "2019-01-01"
    },
    "additionalneeds": "Breakfast"
}
HTTP/1.1 201 Created
Server: Cowboy
Report-To: {"group":"heroku-nel","max_age":3600,"endpoints":[{"url":"https://nel.heroku.com/reports?ts=1728150884&sid=c46efe9b-d3d2-4a0c-8c76-bfafa16c5add&s=0%2FzzkxHcKlhx%2FD4qBjyTFQf9q%2F6JdpCisz%2BE%2BwxNlF8%3D"}]}
Reporting-Endpoints: heroku-nel=https://nel.heroku.com/reports?ts=1728150884&sid=c46efe9b-d3d2-4a0c-8c76-bfafa16c5add&s=0%2FzzkxHcKlhx%2FD4qBjyTFQf9q%2F6JdpCisz%2BE%2BwxNlF8%3D
Nel: {"report_to":"heroku-nel","max_age":3600,"success_fraction":0.005,"failure_fraction":0.05,"response_headers":["Via"]}
Connection: keep-alive
X-Powered-By: Express
Content-Type: text/plain; charset=utf-8
Content-Length: 7
Etag: W/"7-rM9AyJuqT6iOan/xHh+AW+7K/T8"
Date: Sat, 05 Oct 2024 17:54:44 GMT
Via: 1.1 vegur

Created
HTTP/1.1 201 Created
Server: Cowboy
Report-To: {"group":"heroku-nel","max_age":3600,"endpoints":[{"url":"https://nel.heroku.com/reports?ts=1728150884&sid=c46efe9b-d3d2-4a0c-8c76-bfafa16c5add&s=0%2FzzkxHcKlhx%2FD4qBjyTFQf9q%2F6JdpCisz%2BE%2BwxNlF8%3D"}]}
Reporting-Endpoints: heroku-nel=https://nel.heroku.com/reports?ts=1728150884&sid=c46efe9b-d3d2-4a0c-8c76-bfafa16c5add&s=0%2FzzkxHcKlhx%2FD4qBjyTFQf9q%2F6JdpCisz%2BE%2BwxNlF8%3D
Nel: {"report_to":"heroku-nel","max_age":3600,"success_fraction":0.005,"failure_fraction":0.05,"response_headers":["Via"]}
Connection: keep-alive
X-Powered-By: Express
Content-Type: text/plain; charset=utf-8
Content-Length: 7
Etag: W/"7-rM9AyJuqT6iOan/xHh+AW+7K/T8"
Date: Sat, 05 Oct 2024 17:54:44 GMT
Via: 1.1 vegur

Created
]]></system-out>
    <system-err><![CDATA[SLF4J: Failed to load class "org.slf4j.impl.StaticLoggerBinder".
SLF4J: Defaulting to no-operation (NOP) logger implementation
SLF4J: See http://www.slf4j.org/codes.html#StaticLoggerBinder for further details.
]]></system-err>
  </testcase>
</testsuite>